<?xml version="1.0" encoding="UTF-8"?>
<!-- Generated by org.testng.reporters.JUnitReportReporter -->
<testsuite hostname="DESKTOP-9SFLGPG" failures="0" tests="4" name="DataDriven4.LoginForm" time="16.069" errors="0" timestamp="2021-03-22T14:53:11 IST" skipped="0">
  <testcase classname="DataDriven4.LoginForm" name="allForm" time="7.778"/>
  <system-out/>
  <testcase classname="DataDriven4.LoginForm" name="allForm" time="2.571"/>
  <system-out/>
  <testcase classname="DataDriven4.LoginForm" name="allForm" time="3.227"/>
  <system-out/>
  <testcase classname="DataDriven4.LoginForm" name="allForm" time="2.493"/>
  <system-out/>
</testsuite> <!-- DataDriven4.LoginForm -->
