<?xml version="1.0" encoding="UTF-8"?>
<!-- Generated by org.testng.reporters.JUnitReportReporter -->
<testsuite hostname="DESKTOP-9SFLGPG" failures="0" tests="1" name="Week1.Day1.WrongUserName" time="16.921" errors="0" timestamp="2021-03-21T18:28:31 IST" skipped="0">
  <testcase classname="Week1.Day1.WrongUserName" name="loginForm" time="16.921"/>
  <system-out/>
</testsuite> <!-- Week1.Day1.WrongUserName -->
