<?xml version="1.0" encoding="UTF-8"?>
<!-- Generated by org.testng.reporters.JUnitReportReporter -->
<testsuite hostname="DESKTOP-9SFLGPG" failures="0" tests="1" name="DataDriven1.BothInCorrect" time="16.035" errors="0" timestamp="2021-03-21T18:38:01 IST" skipped="0">
  <testcase classname="DataDriven1.BothInCorrect" name="loginForm" time="16.035"/>
  <system-out/>
</testsuite> <!-- DataDriven1.BothInCorrect -->
