<?xml version="1.0" encoding="UTF-8"?>
<!-- Generated by org.testng.reporters.JUnitReportReporter -->
<testsuite hostname="DESKTOP-9SFLGPG" failures="0" tests="1" name="DataDriven2.WrongUserName" time="43.017" errors="0" timestamp="2021-03-21T19:44:43 IST" skipped="0">
  <testcase classname="DataDriven2.WrongUserName" name="loginForm" time="43.017"/>
  <system-out/>
</testsuite> <!-- DataDriven2.WrongUserName -->
