<?xml version="1.0" encoding="UTF-8"?>
<!-- Generated by org.testng.reporters.JUnitReportReporter -->
<testsuite hostname="DESKTOP-9SFLGPG" failures="0" tests="1" name="DataDriven1.BothCorrect" time="20.205" errors="0" timestamp="2021-03-21T18:38:01 IST" skipped="0">
  <testcase classname="DataDriven1.BothCorrect" name="loginForm" time="20.205"/>
  <system-out/>
</testsuite> <!-- DataDriven1.BothCorrect -->
