<?xml version="1.0" encoding="UTF-8"?>
<!-- Generated by org.testng.reporters.JUnitReportReporter -->
<testsuite hostname="DESKTOP-9SFLGPG" failures="0" tests="1" name="Week1.Day1.BothCorrect" time="22.855" errors="0" timestamp="2021-03-21T15:16:07 IST" skipped="0">
  <testcase classname="Week1.Day1.BothCorrect" name="loginForm" time="22.855"/>
  <system-out/>
</testsuite> <!-- Week1.Day1.BothCorrect -->
