<?xml version="1.0" encoding="UTF-8"?>
<!-- Generated by org.testng.reporters.JUnitReportReporter -->
<testsuite hostname="DESKTOP-9SFLGPG" failures="0" tests="1" name="Week1.Day1.BothCorrect" time="19.141" errors="0" timestamp="2021-03-21T18:28:31 IST" skipped="0">
  <testcase classname="Week1.Day1.BothCorrect" name="loginForm" time="19.141"/>
  <system-out/>
</testsuite> <!-- Week1.Day1.BothCorrect -->
