<?xml version="1.0" encoding="UTF-8"?>
<!-- Generated by org.testng.reporters.JUnitReportReporter -->
<testsuite hostname="DESKTOP-9SFLGPG" failures="0" tests="1" name="Week1.Day1.DataDriven1" time="12.969" errors="0" timestamp="2021-03-20T18:58:06 IST" skipped="0">
  <testcase classname="Week1.Day1.DataDriven1" name="loginForm" time="12.969"/>
  <system-out/>
</testsuite> <!-- Week1.Day1.DataDriven1 -->
