<?xml version="1.0" encoding="UTF-8"?>
<!-- Generated by org.testng.reporters.JUnitReportReporter -->
<testsuite hostname="DESKTOP-9SFLGPG" failures="0" tests="1" name="DataDriven1.CorrectUserName" time="17.759" errors="0" timestamp="2021-03-21T18:38:01 IST" skipped="0">
  <testcase classname="DataDriven1.CorrectUserName" name="loginForm" time="17.759"/>
  <system-out/>
</testsuite> <!-- DataDriven1.CorrectUserName -->
